2023-12-20 11:21:44 DEBUG [main] c.m.m.YggEmpMapperIf.findByCondition2.debug(BaseJdbcLogger.java:143) -- ==>  Preparing: select EMPNO ,ENAME,JOB, MGR,HIREDATE,SAL, COMM,DEPTNO from emp WHERE hiredate= ? 
2023-12-20 11:21:44 DEBUG [main] c.m.m.YggEmpMapperIf.findByCondition2.debug(BaseJdbcLogger.java:143) -- ==> Parameters: 1981-04-02 00:00:00.0(Timestamp)
2023-12-20 11:21:44 DEBUG [main] c.m.m.YggEmpMapperIf.findByCondition2.debug(BaseJdbcLogger.java:143) -- <==      Total: 1
2023-12-20 12:08:06 DEBUG [main] com.msb.ceshi.ceshiygg.meishi(ceshiygg.java:151) -- debug信息
2023-12-20 12:13:37 DEBUG [main] com.msb.ceshi.ceshiygg.Yg_order(ceshiygg.java:163) -- debug信息
2023-12-20 12:13:52 DEBUG [main] com.msb.ceshi.ceshiygg.Yg_order(ceshiygg.java:163) -- debug信息最近注解
2023-12-20 12:16:40 DEBUG [main] com.msb.ceshi.ceshiygg.meishi(ceshiygg.java:153) -- SELECT `order_no_yg` as \"order_no_yg\",`update_time` as \"update_time\",`create_time` as \"create_time\" FROM( SELECT `order_no_yg` as \"order_no_yg\",`update_time` as \"update_time\",`create_time` as \"create_time\" FROM (SELECT * from ygg_order_01) as t_1c46f3f38dff7b1c WHERE 1=1 ) od_486892 ORDER BY od_486892.order_no_yg ASC LIMIT 1000 
2023-12-20 12:34:26 DEBUG [main] c.m.m.Y.selectByPrimaryKeyAll01.debug(BaseJdbcLogger.java:143) -- ==>  Preparing: select id_yg,order_no_yg,order_type_yg, order_plan_allnum,order_plan_nownum,order_over_nownum, chaenum,chaenum_now,order_delay_nownum, order_over_rate,order_delay_rate,create_time, update_time,expect_arrival_time,order_update_person, warehouse,order_state,address, factory,production_line,workstation, robot_state,remark_yg,remark2_yg, date_time,jpg_yg from ygg_mybatis_01 
2023-12-20 12:34:26 DEBUG [main] c.m.m.Y.selectByPrimaryKeyAll01.debug(BaseJdbcLogger.java:143) -- ==> Parameters: 
2023-12-20 12:34:26 DEBUG [main] c.m.m.Y.selectByPrimaryKeyAll01.debug(BaseJdbcLogger.java:143) -- <==      Total: 53
2023-12-20 12:45:58 DEBUG [main] c.m.m.Y.selectByPrimaryKeyAll01.debug(BaseJdbcLogger.java:143) -- ==>  Preparing: select id_yg,order_no_yg,order_type_yg, order_plan_allnum,order_plan_nownum,order_over_nownum, chaenum,chaenum_now,order_delay_nownum, order_over_rate,order_delay_rate,create_time, update_time,expect_arrival_time,order_update_person, warehouse,order_state,address, factory,production_line,workstation, robot_state,remark_yg,remark2_yg, date_time,jpg_yg from ygg_mybatis_01 
2023-12-20 12:45:58 DEBUG [main] c.m.m.Y.selectByPrimaryKeyAll01.debug(BaseJdbcLogger.java:143) -- ==> Parameters: 
2023-12-20 12:45:58 DEBUG [main] c.m.m.Y.selectByPrimaryKeyAll01.debug(BaseJdbcLogger.java:143) -- <==      Total: 53
2023-12-20 12:49:21 DEBUG [main] c.m.m.Y.selectByPrimaryKeyAll01.debug(BaseJdbcLogger.java:143) -- ==>  Preparing: select id_yg,order_no_yg,order_type_yg, order_plan_allnum,order_plan_nownum,order_over_nownum, chaenum,chaenum_now,order_delay_nownum, order_over_rate,order_delay_rate,create_time, update_time,expect_arrival_time,order_update_person, warehouse,order_state,address, factory,production_line,workstation, robot_state,remark_yg,remark2_yg, date_time,jpg_yg from ygg_mybatis_01 limit 3 
2023-12-20 12:49:21 DEBUG [main] c.m.m.Y.selectByPrimaryKeyAll01.debug(BaseJdbcLogger.java:143) -- ==> Parameters: 
2023-12-20 12:49:21 DEBUG [main] c.m.m.Y.selectByPrimaryKeyAll01.debug(BaseJdbcLogger.java:143) -- <==      Total: 3
2023-12-20 12:51:40 DEBUG [main] c.m.m.Y.selectByPrimaryKeyAll01.debug(BaseJdbcLogger.java:143) -- ==>  Preparing: select -- id_yg,order_no_yg,order_type_yg, order_plan_allnum,order_plan_nownum,order_over_nownum, chaenum,chaenum_now,order_delay_nownum, order_over_rate,order_delay_rate,create_time, update_time,expect_arrival_time,order_update_person, warehouse,order_state,address, factory,production_line,workstation, robot_state,remark_yg,remark2_yg, date_time,jpg_yg from ygg_mybatis_01 limit 3 
2023-12-20 12:51:40 DEBUG [main] c.m.m.Y.selectByPrimaryKeyAll01.debug(BaseJdbcLogger.java:143) -- ==> Parameters: 
2023-12-20 12:51:40 DEBUG [main] c.m.m.Y.selectByPrimaryKeyAll01.debug(BaseJdbcLogger.java:143) -- <==      Total: 3
2023-12-20 12:52:44 DEBUG [main] c.m.m.Y.selectByPrimaryKeyAll01.debug(BaseJdbcLogger.java:143) -- ==>  Preparing: select -- id_yg,order_no_yg,order_type_yg, order_plan_allnum,order_plan_nownum,order_over_nownum, chaenum,chaenum_now,order_delay_nownum, order_over_rate,order_delay_rate,create_time, update_time,expect_arrival_time,order_update_person, warehouse,order_state,address, factory,production_line,workstation, robot_state,remark_yg,remark2_yg, date_time,jpg_yg from ygg_mybatis_01 where id_yg =20 
2023-12-20 12:52:44 DEBUG [main] c.m.m.Y.selectByPrimaryKeyAll01.debug(BaseJdbcLogger.java:143) -- ==> Parameters: 
2023-12-20 12:52:44 DEBUG [main] c.m.m.Y.selectByPrimaryKeyAll01.debug(BaseJdbcLogger.java:143) -- <==      Total: 1
2023-12-20 12:54:57 DEBUG [main] c.m.m.Y.selectByPrimaryKeyAll01.debug(BaseJdbcLogger.java:143) -- ==>  Preparing: select -- id_yg,order_no_yg,order_type_yg, order_plan_allnum,order_plan_nownum,order_over_nownum, chaenum,chaenum_now,order_delay_nownum, order_over_rate,order_delay_rate,create_time, update_time,expect_arrival_time,order_update_person, warehouse,order_state,address, factory,production_line,workstation, robot_state,remark_yg,remark2_yg, date_time,jpg_yg from ygg_mybatis_01 where id_yg =20 
2023-12-20 12:54:57 DEBUG [main] c.m.m.Y.selectByPrimaryKeyAll01.debug(BaseJdbcLogger.java:143) -- ==> Parameters: 
2023-12-20 12:54:57 DEBUG [main] c.m.m.Y.selectByPrimaryKeyAll01.debug(BaseJdbcLogger.java:143) -- <==      Total: 1
2023-12-20 12:57:42 DEBUG [main] c.m.m.Y.selectByPrimaryKeyAll01.debug(BaseJdbcLogger.java:143) -- ==>  Preparing: select -- id_yg,order_no_yg,order_type_yg, order_plan_allnum,order_plan_nownum,order_over_nownum, chaenum,chaenum_now,order_delay_nownum, order_over_rate,order_delay_rate,create_time, update_time,expect_arrival_time,order_update_person, warehouse,order_state,address, factory,production_line,workstation, robot_state,remark_yg,remark2_yg, date_time,jpg_yg from ygg_mybatis_01 where id_yg =20 
2023-12-20 12:57:42 DEBUG [main] c.m.m.Y.selectByPrimaryKeyAll01.debug(BaseJdbcLogger.java:143) -- ==> Parameters: 
2023-12-20 12:58:21 DEBUG [main] c.m.m.Y.selectByPrimaryKeyAll01.debug(BaseJdbcLogger.java:143) -- ==>  Preparing: select -- id_yg,order_no_yg,order_type_yg, order_plan_allnum,order_plan_nownum,order_over_nownum, chaenum,chaenum_now,order_delay_nownum, order_over_rate,order_delay_rate,create_time, update_time,expect_arrival_time,order_update_person, warehouse,order_state,address, factory,production_line,workstation, robot_state,remark_yg,remark2_yg, date_time,jpg_yg from ygg_mybatis_01 where id_yg =20 
2023-12-20 12:58:21 DEBUG [main] c.m.m.Y.selectByPrimaryKeyAll01.debug(BaseJdbcLogger.java:143) -- ==> Parameters: 
2023-12-20 12:58:21 DEBUG [main] c.m.m.Y.selectByPrimaryKeyAll01.debug(BaseJdbcLogger.java:143) -- <==      Total: 1
2023-12-20 12:58:53 DEBUG [main] c.m.m.Y.selectByPrimaryKeyAll01.debug(BaseJdbcLogger.java:143) -- ==>  Preparing: select -- id_yg,order_no_yg,order_type_yg, order_plan_allnum,order_plan_nownum,order_over_nownum, chaenum,chaenum_now,order_delay_nownum, order_over_rate,order_delay_rate,create_time, update_time,expect_arrival_time,order_update_person, warehouse,order_state,address, factory,production_line,workstation, robot_state,remark_yg,remark2_yg, date_time,jpg_yg from ygg_mybatis_01 where id_yg =20 
2023-12-20 12:58:53 DEBUG [main] c.m.m.Y.selectByPrimaryKeyAll01.debug(BaseJdbcLogger.java:143) -- ==> Parameters: 
2023-12-20 12:59:30 DEBUG [main] c.m.m.Y.selectByPrimaryKeyAll01.debug(BaseJdbcLogger.java:143) -- ==>  Preparing: select -- id_yg,order_no_yg,order_type_yg, order_plan_allnum,order_plan_nownum,order_over_nownum, chaenum,chaenum_now,order_delay_nownum, order_over_rate,order_delay_rate,create_time, update_time,expect_arrival_time,order_update_person, warehouse,order_state,address, factory,production_line,workstation, robot_state,remark_yg,remark2_yg, date_time,jpg_yg from ygg_mybatis_01 where id_yg =20 
2023-12-20 12:59:30 DEBUG [main] c.m.m.Y.selectByPrimaryKeyAll01.debug(BaseJdbcLogger.java:143) -- ==> Parameters: 
2023-12-20 12:59:30 DEBUG [main] c.m.m.Y.selectByPrimaryKeyAll01.debug(BaseJdbcLogger.java:143) -- <==      Total: 1
2023-12-20 13:02:14 DEBUG [main] c.m.m.Y.selectByPrimaryKeyAll01.debug(BaseJdbcLogger.java:143) -- ==>  Preparing: select id_yg -- id_yg,order_no_yg,order_type_yg, order_plan_allnum,order_plan_nownum,order_over_nownum, chaenum,chaenum_now,order_delay_nownum, order_over_rate,order_delay_rate,create_time, update_time,expect_arrival_time,order_update_person, warehouse,order_state,address, factory,production_line,workstation, robot_state,remark_yg,remark2_yg, date_time,jpg_yg from ygg_mybatis_01 where id_yg =20 
2023-12-20 13:02:14 DEBUG [main] c.m.m.Y.selectByPrimaryKeyAll01.debug(BaseJdbcLogger.java:143) -- ==> Parameters: 
2023-12-20 13:02:14 DEBUG [main] c.m.m.Y.selectByPrimaryKeyAll01.debug(BaseJdbcLogger.java:143) -- <==      Total: 1
2023-12-20 13:02:39 DEBUG [main] c.m.m.Y.selectByPrimaryKeyAll01.debug(BaseJdbcLogger.java:143) -- ==>  Preparing: select id_yg from ygg_mybatis_01 where id_yg =20 
2023-12-20 13:02:39 DEBUG [main] c.m.m.Y.selectByPrimaryKeyAll01.debug(BaseJdbcLogger.java:143) -- ==> Parameters: 
2023-12-20 13:02:39 DEBUG [main] c.m.m.Y.selectByPrimaryKeyAll01.debug(BaseJdbcLogger.java:143) -- <==      Total: 1
2023-12-20 13:05:01 DEBUG [main] c.m.m.Y.selectByPrimaryKeyAll01.debug(BaseJdbcLogger.java:143) -- ==>  Preparing: select id_yg from ygg_mybatis_01 where id_yg =20 
2023-12-20 13:05:01 DEBUG [main] c.m.m.Y.selectByPrimaryKeyAll01.debug(BaseJdbcLogger.java:143) -- ==> Parameters: 
2023-12-20 13:05:01 DEBUG [main] c.m.m.Y.selectByPrimaryKeyAll01.debug(BaseJdbcLogger.java:143) -- <==      Total: 1
2023-12-20 13:09:55 DEBUG [main] c.m.m.Y.selectByPrimaryKeyAll01.debug(BaseJdbcLogger.java:143) -- ==>  Preparing: select id_yg from ygg_mybatis_01 where id_yg =20 
2023-12-20 13:09:55 DEBUG [main] c.m.m.Y.selectByPrimaryKeyAll01.debug(BaseJdbcLogger.java:143) -- ==> Parameters: 
2023-12-20 13:09:55 DEBUG [main] c.m.m.Y.selectByPrimaryKeyAll01.debug(BaseJdbcLogger.java:143) -- <==      Total: 1
2023-12-20 13:10:27 DEBUG [main] c.m.m.Y.selectByPrimaryKeyAll01.debug(BaseJdbcLogger.java:143) -- ==>  Preparing: select id_yg,order_no_yg,order_type_yg, order_plan_allnum,order_plan_nownum,order_over_nownum, chaenum,chaenum_now,order_delay_nownum, order_over_rate,order_delay_rate,create_time, update_time,expect_arrival_time,order_update_person, warehouse,order_state,address, factory,production_line,workstation, robot_state,remark_yg,remark2_yg, date_time,jpg_yg from ygg_mybatis_01 where id_yg =20 
2023-12-20 13:10:27 DEBUG [main] c.m.m.Y.selectByPrimaryKeyAll01.debug(BaseJdbcLogger.java:143) -- ==> Parameters: 
2023-12-20 13:10:27 DEBUG [main] c.m.m.Y.selectByPrimaryKeyAll01.debug(BaseJdbcLogger.java:143) -- <==      Total: 1
2023-12-20 14:46:56 DEBUG [main] c.m.m.Y.selectByPrimaryKeyDX.debug(BaseJdbcLogger.java:143) -- ==>  Preparing: select id_yg,order_no_yg,order_type_yg, order_plan_allnum,order_plan_nownum,order_over_nownum, chaenum,chaenum_now,order_delay_nownum, order_over_rate,order_delay_rate,create_time, update_time,expect_arrival_time,order_update_person, warehouse,order_state,address, factory,production_line,workstation, robot_state,remark_yg,remark2_yg, date_time,jpg_yg from ygg_mybatis_01 where id_yg in ( ? , ? , ? ) 
2023-12-20 14:46:56 DEBUG [main] c.m.m.Y.selectByPrimaryKeyDX.debug(BaseJdbcLogger.java:143) -- ==> Parameters: 35(Integer), 105(Integer), 106(Integer)
2023-12-20 14:46:56 DEBUG [main] c.m.m.Y.selectByPrimaryKeyDX.debug(BaseJdbcLogger.java:143) -- <==      Total: 3
2023-12-20 14:49:00 DEBUG [main] c.m.m.Y.selectByPrimaryKeyDX.debug(BaseJdbcLogger.java:143) -- ==>  Preparing: select id_yg,order_no_yg,order_type_yg, order_plan_allnum,order_plan_nownum,order_over_nownum, chaenum,chaenum_now,order_delay_nownum, order_over_rate,order_delay_rate,create_time, update_time,expect_arrival_time,order_update_person, warehouse,order_state,address, factory,production_line,workstation, robot_state,remark_yg,remark2_yg, date_time,jpg_yg from ygg_mybatis_01 where id_yg in ( ? , ? , ? ) 
2023-12-20 14:49:00 DEBUG [main] c.m.m.Y.selectByPrimaryKeyDX.debug(BaseJdbcLogger.java:143) -- ==> Parameters: 35(Integer), 105(Integer), 106(Integer)
2023-12-20 14:49:00 DEBUG [main] c.m.m.Y.selectByPrimaryKeyDX.debug(BaseJdbcLogger.java:143) -- <==      Total: 3
2023-12-20 14:52:07 DEBUG [main] c.m.m.Y.selectByPrimaryKeyDX.debug(BaseJdbcLogger.java:143) -- ==>  Preparing: select id_yg,order_no_yg,order_type_yg, order_plan_allnum,order_plan_nownum,order_over_nownum, chaenum,chaenum_now,order_delay_nownum, order_over_rate,order_delay_rate,create_time, update_time,expect_arrival_time,order_update_person, warehouse,order_state,address, factory,production_line,workstation, robot_state,remark_yg,remark2_yg, date_time,jpg_yg from ygg_mybatis_01 where id_yg in ( ? , ? , ? ) 
2023-12-20 14:52:07 DEBUG [main] c.m.m.Y.selectByPrimaryKeyDX.debug(BaseJdbcLogger.java:143) -- ==> Parameters: 35(Integer), 105(Integer), 106(Integer)
2023-12-20 14:52:07 DEBUG [main] c.m.m.Y.selectByPrimaryKeyDX.debug(BaseJdbcLogger.java:143) -- <==      Total: 3
2023-12-20 14:55:15 DEBUG [main] c.m.m.Y.selectByPrimaryKeyDX.debug(BaseJdbcLogger.java:143) -- ==>  Preparing: select id_yg,order_no_yg,order_type_yg, order_plan_allnum,order_plan_nownum,order_over_nownum, chaenum,chaenum_now,order_delay_nownum, order_over_rate,order_delay_rate,create_time, update_time,expect_arrival_time,order_update_person, warehouse,order_state,address, factory,production_line,workstation, robot_state,remark_yg,remark2_yg, date_time,jpg_yg from ygg_mybatis_01 where id_yg in ( ? , ? , ? ) 
2023-12-20 14:55:15 DEBUG [main] c.m.m.Y.selectByPrimaryKeyDX.debug(BaseJdbcLogger.java:143) -- ==> Parameters: 35(Integer), 105(Integer), 106(Integer)
2023-12-20 14:55:15 DEBUG [main] c.m.m.Y.selectByPrimaryKeyDX.debug(BaseJdbcLogger.java:143) -- <==      Total: 3
